<?xml version="1.0" encoding="UTF-8"?>
<!-- Generated by org.testng.reporters.JUnitXMLReporter -->
<testsuite hostname="usnyxs32w7n001" ignored="0" name="Test" tests="4" failures="0" timestamp="16 Nov 2018 14:34:29 GMT" time="187.888" errors="0">
  <testcase name="SearchStudio" time="60.192" classname="Scripts.SearchStudioGoogleMap"/>
  <testcase name="profileDisplay" time="21.495" classname="Scripts.ViewProfile"/>
  <testcase name="searchingProduct" time="24.317" classname="Scripts.SearchProduct"/>
  <testcase name="LoginUser" time="16.235" classname="Scripts.LoginApp"/>
</testsuite> <!-- Test -->
