<?xml version="1.0" encoding="UTF-8"?>
<testng-results skipped="0" failed="0" ignored="0" total="1" passed="1">
  <reporter-output>
    <line>
      <![CDATA[Online Furniture Shopping Store: Shop Online in India for Furniture, Home Decor, Furnishings, Kitchenware, Hardware Products @ Pepperfry - India's Largest Home Shopping Destination]]>
    </line>
  </reporter-output>
  <suite name="Suite" duration-ms="36219" started-at="2018-11-14T14:55:04Z" finished-at="2018-11-14T14:55:40Z">
    <groups>
    </groups>
    <test name="Test" duration-ms="36219" started-at="2018-11-14T14:55:04Z" finished-at="2018-11-14T14:55:40Z">
      <class name="Scripts.SearchStudioGoogleMap">
        <test-method status="PASS" signature="launchApp()[pri:0, instance:Scripts.SearchStudioGoogleMap@7dc304]" name="launchApp" is-config="true" duration-ms="16017" started-at="2018-11-14T14:55:04Z" finished-at="2018-11-14T14:55:20Z">
          <reporter-output>
          </reporter-output>
        </test-method> <!-- launchApp -->
        <test-method status="PASS" signature="SearchStudio()[pri:0, instance:Scripts.SearchStudioGoogleMap@7dc304]" name="SearchStudio" duration-ms="19647" started-at="2018-11-14T14:55:20Z" finished-at="2018-11-14T14:55:40Z">
          <reporter-output>
            <line>
              <![CDATA[Online Furniture Shopping Store: Shop Online in India for Furniture, Home Decor, Furnishings, Kitchenware, Hardware Products @ Pepperfry - India's Largest Home Shopping Destination]]>
            </line>
          </reporter-output>
        </test-method> <!-- SearchStudio -->
        <test-method status="PASS" signature="cloaseapp(org.testng.ITestResult)[pri:0, instance:Scripts.SearchStudioGoogleMap@7dc304]" name="cloaseapp" is-config="true" duration-ms="490" started-at="2018-11-14T14:55:40Z" finished-at="2018-11-14T14:55:40Z">
          <params>
            <param index="0">
              <value>
                <![CDATA[[TestResult name=SearchStudio status=SUCCESS method=SearchStudioGoogleMap.SearchStudio()[pri:0, instance:Scripts.SearchStudioGoogleMap@7dc304] output=Online Furniture Shopping Store: Shop Online in India for Furniture, Home Decor, Furnishings, Kitchenware, Hardware Products @ Pepperfry - India's Largest Home Shopping Destination]]]>
              </value>
            </param>
          </params>
          <reporter-output>
          </reporter-output>
        </test-method> <!-- cloaseapp -->
      </class> <!-- Scripts.SearchStudioGoogleMap -->
    </test> <!-- Test -->
  </suite> <!-- Suite -->
</testng-results>
